build/app/outputs/mapping/release/seeds.txt
io.flutter.embedding.engine.FlutterJNI: void unregisterTexture(long)
androidx.core.view.DisplayCutoutCompat$Api28Impl: java.util.List getBoundingRects(android.view.DisplayCutout)
io.flutter.embedding.engine.FlutterJNI: void notifyLowMemoryWarning()
androidx.lifecycle.EmptyActivityLifecycleCallbacks: void onActivityStarted(android.app.Activity)
io.flutter.embedding.engine.FlutterJNI: void loadDartDeferredLibrary(int,java.lang.String[])
androidx.core.view.WindowInsetsCompat$BuilderImpl29: void setSystemWindowInsets(androidx.core.graphics.Insets)
androidx.core.view.ViewCompat$Api21Impl: boolean dispatchNestedFling(android.view.View,float,float,boolean)
androidx.core.view.WindowInsetsCompat$Impl21: void setStableInsets(androidx.core.graphics.Insets)
androidx.core.view.WindowInsetsCompat$Impl: void setOverriddenInsets(androidx.core.graphics.Insets[])
androidx.lifecycle.ProcessLifecycleOwner$attach$1$onActivityPreCreated$1: ProcessLifecycleOwner$attach$1$onActivityPreCreated$1(androidx.lifecycle.ProcessLifecycleOwner)
io.flutter.plugin.editing.TextInputPlugin$InputTarget$Type: io.flutter.plugin.editing.TextInputPlugin$InputTarget$Type[] values()
io.flutter.embedding.engine.systemchannels.LifecycleChannel$AppLifecycleState: io.flutter.embedding.engine.systemchannels.LifecycleChannel$AppLifecycleState[] values()
androidx.core.view.WindowInsetsCompat$Impl21: WindowInsetsCompat$Impl21(androidx.core.view.WindowInsetsCompat,android.view.WindowInsets)
io.flutter.view.TextureRegistry$SurfaceProducer: void scheduleFrame()
androidx.lifecycle.Lifecycle$State: androidx.lifecycle.Lifecycle$State[] values()
androidx.core.graphics.drawable.IconCompat$Api23Impl: android.net.Uri getUri(java.lang.Object)
io.flutter.embedding.engine.systemchannels.PlatformViewsChannel$PlatformViewCreationRequest$RequestedDisplayMode: io.flutter.embedding.engine.systemchannels.PlatformViewsChannel$PlatformViewCreationRequest$RequestedDisplayMode[] values()
io.flutter.embedding.engine.FlutterJNI: void nativeLoadDartDeferredLibrary(long,int,java.lang.String[])
io.flutter.embedding.engine.renderer.FlutterRenderer$ImageReaderSurfaceProducer: android.media.Image acquireLatestImage()
io.flutter.embedding.engine.renderer.FlutterRenderer$ImageReaderSurfaceProducer: io.flutter.embedding.engine.renderer.FlutterRenderer$ImageReaderSurfaceProducer$PerImageReader getActiveReader()
io.flutter.embedding.engine.FlutterJNI: void nativeRegisterImageTexture(long,long,java.lang.ref.WeakReference)
io.flutter.embedding.engine.FlutterJNI: void updateRefreshRate()
androidx.core.view.WindowInsetsCompat$Impl: boolean equals(java.lang.Object)
io.flutter.embedding.engine.FlutterJNI: void attachToNative()
androidx.versionedparcelable.CustomVersionedParcelable: CustomVersionedParcelable()
androidx.core.view.ViewCompat$Api21Impl: boolean isImportantForAccessibility(android.view.View)
androidx.core.graphics.drawable.IconCompat$Api23Impl: android.graphics.drawable.Icon toIcon(androidx.core.graphics.drawable.IconCompat,android.content.Context)
androidx.core.view.WindowInsetsCompat$Impl30: void copyRootViewBounds(android.view.View)
androidx.startup.InitializationProvider: InitializationProvider()
androidx.core.view.WindowInsetsCompat$Impl: androidx.core.view.WindowInsetsCompat consumeSystemWindowInsets()
io.flutter.embedding.engine.renderer.FlutterRenderer$ImageReaderSurfaceProducer: void onImage(android.media.ImageReader,android.media.Image)
io.flutter.embedding.engine.FlutterJNI: java.lang.String[] computePlatformResolvedLocale(java.lang.String[])
io.flutter.plugin.editing.ImeSyncDeferringInsetsCallback$AnimationCallback: void onEnd(android.view.WindowInsetsAnimation)
kotlinx.coroutines.android.AndroidExceptionPreHandler: void handleException(kotlin.coroutines.CoroutineContext,java.lang.Throwable)
io.flutter.embedding.engine.mutatorsstack.FlutterMutatorView: android.graphics.Matrix getPlatformViewMatrix()