build/app/outputs/mapping/release/usage.txt
kotlin.collections.ArraysKt___ArraysJvmKt$asList$7
kotlin.collections.ArraysKt___ArraysJvmKt$asList$8
kotlin.collections.ArraysKt___ArraysJvmKt:
    public void <init>()
    public static final java.util.List asList(byte[])
    public static final java.util.List asList(char[])
    public static final java.util.List asList(double[])
    public static final java.util.List asList(float[])
    public static final java.util.List asList(int[])
    public static final java.util.List asList(long[])
    public static final java.util.List asList(short[])
    public static final java.util.List asList(boolean[])
    public static final int binarySearch(byte[],byte,int,int)
    public static final int binarySearch(char[],char,int,int)
    public static final int binarySearch(double[],double,int,int)
    public static final int binarySearch(float[],float,int,int)
    public static final int binarySearch(int[],int,int,int)
    public static final int binarySearch(long[],long,int,int)
    public static final int binarySearch(java.lang.Object[],java.lang.Object,int,int)
    public static final int binarySearch(java.lang.Object[],java.lang.Object,java.util.Comparator,int,int)
    public static final int binarySearch(short[],short,int,int)
    public static synthetic int binarySearch$default(byte[],byte,int,int,int,java.lang.Object)
    public static synthetic int binarySearch$default(char[],char,int,int,int,java.lang.Object)
    public static synthetic int binarySearch$default(double[],double,int,int,int,java.lang.Object)
kotlin.collections.ArraysKt___ArraysKt$asIterable$$inlined$Iterable$1
kotlin.collections.ArraysKt___ArraysKt$asIterable$$inlined$Iterable$2
kotlin.collections.ArraysKt___ArraysKt$asIterable$$inlined$Iterable$3
kotlin.collections.ArraysKt___ArraysKt$asIterable$$inlined$Iterable$4
kotlin.collections.ArraysKt___ArraysKt$asIterable$$inlined$Iterable$5
kotlin.collections.ArraysKt___ArraysKt$asIterable$$inlined$Iterable$6
kotlin.collections.ArraysKt___ArraysKt$asIterable$$inlined$Iterable$7
kotlin.collections.ArraysKt___ArraysKt$asIterable$$inlined$Iterable$8
kotlin.collections.ArraysKt___ArraysKt$asIterable$$inlined$Iterable$9
kotlin.collections.ArraysKt___ArraysKt$asSequence$$inlined$Sequence$1
kotlin.collections.ArraysKt___ArraysKt$asSequence$$inlined$Sequence$2
kotlin.collections.ArraysKt___ArraysKt$asSequence$$inlined$Sequence$3
kotlin.collections.ArraysKt___ArraysKt$asSequence$$inlined$Sequence$4
kotlin.collections.ArraysKt___ArraysKt$asSequence$$inlined$Sequence$5
kotlin.collections.ArraysKt___ArraysKt$asSequence$$inlined$Sequence$6
kotlin.collections.ArraysKt___ArraysKt$asSequence$$inlined$Sequence$7
kotlin.collections.ArraysKt___ArraysKt$asSequence$$inlined$Sequence$8
kotlin.collections.ArraysKt___ArraysKt$asSequence$$inlined$Sequence$9
kotlin.collections.ArraysKt___ArraysKt$groupingBy$1
kotlin.collections.ArraysKt___ArraysKt$withIndex$1
kotlin.collections.ArraysKt___ArraysKt$withIndex$2
kotlin.collections.ArraysKt___ArraysKt$withIndex$3
kotlin.collections.ArraysKt___ArraysKt$withIndex$4
kotlin.collections.ArraysKt___ArraysKt$withIndex$5
kotlin.collections.ArraysKt___ArraysKt$withIndex$6
kotlin.collections.ArraysKt___ArraysKt$withIndex$7
kotlin.collections.ArraysKt___ArraysKt$withIndex$8
kotlin.collections.ArraysKt___ArraysKt$withIndex$9